2017-01-07 19:51:46,085 - findMeds - INFO - Program started
2017-01-07 19:51:46,085 - findMeds.generateDiseaseList.getMedicationList - INFO - Obtaining diseases for all characters
2017-01-07 19:51:46,085 - findMeds.generateDiseaseList.getAlphabeticList - INFO - Obtaining Medications for the character [A]
2017-01-07 19:51:46,085 - findMeds.readData.readPage - INFO - Attempting to read URL[https://en.wikipedia.org/wiki/List_of_diseases_(A)]
2017-01-07 19:51:49,904 - findMeds.readData.readPage - INFO - Able to read data.
2017-01-07 19:51:50,015 - findMeds.generateDiseaseList.getAlphabeticList - INFO - Returning Medications for the character [A]
2017-01-07 19:51:50,015 - findMeds.generateDiseaseList.getAlphabeticList - INFO - Obtaining Medications for the character [B]
2017-01-07 19:51:50,015 - findMeds.readData.readPage - INFO - Attempting to read URL[https://en.wikipedia.org/wiki/List_of_diseases_(B)]
2017-01-07 19:51:52,355 - findMeds.readData.readPage - INFO - Able to read data.
2017-01-07 19:51:52,424 - findMeds.generateDiseaseList.getAlphabeticList - INFO - Returning Medications for the character [B]
2017-01-07 19:51:52,424 - findMeds.generateDiseaseList.getAlphabeticList - INFO - Obtaining Medications for the character [C]
2017-01-07 19:51:52,424 - findMeds.readData.readPage - INFO - Attempting to read URL[https://en.wikipedia.org/wiki/List_of_diseases_(C)]
2017-01-07 19:51:56,227 - findMeds.readData.readPage - INFO - Able to read data.
2017-01-07 19:51:56,388 - findMeds.generateDiseaseList.getAlphabeticList - INFO - Returning Medications for the character [C]
2017-01-07 19:51:56,388 - findMeds.generateDiseaseList.getAlphabeticList - INFO - Obtaining Medications for the character [D]
2017-01-07 19:51:56,388 - findMeds.readData.readPage - INFO - Attempting to read URL[https://en.wikipedia.org/wiki/List_of_diseases_(D)]
2017-01-07 19:51:59,500 - findMeds.readData.readPage - INFO - Able to read data.
2017-01-07 19:51:59,571 - findMeds.generateDiseaseList.getAlphabeticList - INFO - Returning Medications for the character [D]
2017-01-07 19:51:59,571 - findMeds.generateDiseaseList.getAlphabeticList - INFO - Obtaining Medications for the character [E]
2017-01-07 19:51:59,571 - findMeds.readData.readPage - INFO - Attempting to read URL[https://en.wikipedia.org/wiki/List_of_diseases_(E)]
2017-01-07 19:52:01,391 - findMeds.readData.readPage - INFO - Able to read data.
2017-01-07 19:52:01,460 - findMeds.generateDiseaseList.getAlphabeticList - INFO - Returning Medications for the character [E]
2017-01-07 19:52:01,460 - findMeds.generateDiseaseList.getAlphabeticList - INFO - Obtaining Medications for the character [F]
2017-01-07 19:52:01,460 - findMeds.readData.readPage - INFO - Attempting to read URL[https://en.wikipedia.org/wiki/List_of_diseases_(F)]
2017-01-07 19:52:03,401 - findMeds.readData.readPage - INFO - Able to read data.
2017-01-07 19:52:03,490 - findMeds.generateDiseaseList.getAlphabeticList - INFO - Returning Medications for the character [F]
2017-01-07 19:52:03,490 - findMeds.generateDiseaseList.getAlphabeticList - INFO - Obtaining Medications for the character [G]
2017-01-07 19:52:03,490 - findMeds.readData.readPage - INFO - Attempting to read URL[https://en.wikipedia.org/wiki/List_of_diseases_(G)]
2017-01-07 19:52:05,270 - findMeds.readData.readPage - INFO - Able to read data.
2017-01-07 19:52:05,331 - findMeds.generateDiseaseList.getAlphabeticList - INFO - Returning Medications for the character [G]
2017-01-07 19:52:05,331 - findMeds.generateDiseaseList.getAlphabeticList - INFO - Obtaining Medications for the character [H]
2017-01-07 19:52:05,331 - findMeds.readData.readPage - INFO - Attempting to read URL[https://en.wikipedia.org/wiki/List_of_diseases_(H)]
2017-01-07 19:52:07,831 - findMeds.readData.readPage - INFO - Able to read data.
2017-01-07 19:52:07,940 - findMeds.generateDiseaseList.getAlphabeticList - INFO - Returning Medications for the character [H]
2017-01-07 19:52:07,940 - findMeds.generateDiseaseList.getAlphabeticList - INFO - Obtaining Medications for the character [I]
2017-01-07 19:52:07,940 - findMeds.readData.readPage - INFO - Attempting to read URL[https://en.wikipedia.org/wiki/List_of_diseases_(I)]
2017-01-07 19:52:09,540 - findMeds.readData.readPage - INFO - Able to read data.
2017-01-07 19:52:09,581 - findMeds.generateDiseaseList.getAlphabeticList - INFO - Returning Medications for the character [I]
2017-01-07 19:52:09,581 - findMeds.generateDiseaseList.getAlphabeticList - INFO - Obtaining Medications for the character [J]
2017-01-07 19:52:09,581 - findMeds.readData.readPage - INFO - Attempting to read URL[https://en.wikipedia.org/wiki/List_of_diseases_(J)]
2017-01-07 19:52:10,861 - findMeds.readData.readPage - INFO - Able to read data.
2017-01-07 19:52:10,891 - findMeds.generateDiseaseList.getAlphabeticList - INFO - Returning Medications for the character [J]
2017-01-07 19:52:10,891 - findMeds.generateDiseaseList.getAlphabeticList - INFO - Obtaining Medications for the character [K]
2017-01-07 19:52:10,891 - findMeds.readData.readPage - INFO - Attempting to read URL[https://en.wikipedia.org/wiki/List_of_diseases_(K)]
2017-01-07 19:52:12,141 - findMeds.readData.readPage - INFO - Able to read data.
2017-01-07 19:52:12,190 - findMeds.generateDiseaseList.getAlphabeticList - INFO - Returning Medications for the character [K]
2017-01-07 19:52:12,190 - findMeds.generateDiseaseList.getAlphabeticList - INFO - Obtaining Medications for the character [L]
2017-01-07 19:52:12,190 - findMeds.readData.readPage - INFO - Attempting to read URL[https://en.wikipedia.org/wiki/List_of_diseases_(L)]
2017-01-07 19:52:13,980 - findMeds.readData.readPage - INFO - Able to read data.
2017-01-07 19:52:14,051 - findMeds.generateDiseaseList.getAlphabeticList - INFO - Returning Medications for the character [L]
2017-01-07 19:52:14,051 - findMeds.generateDiseaseList.getAlphabeticList - INFO - Obtaining Medications for the character [M]
2017-01-07 19:52:14,051 - findMeds.readData.readPage - INFO - Attempting to read URL[https://en.wikipedia.org/wiki/List_of_diseases_(M)]
2017-01-07 19:52:16,790 - findMeds.readData.readPage - INFO - Able to read data.
2017-01-07 19:52:16,911 - findMeds.generateDiseaseList.getAlphabeticList - INFO - Returning Medications for the character [M]
2017-01-07 19:52:16,911 - findMeds.generateDiseaseList.getAlphabeticList - INFO - Obtaining Medications for the character [N]
2017-01-07 19:52:16,911 - findMeds.readData.readPage - INFO - Attempting to read URL[https://en.wikipedia.org/wiki/List_of_diseases_(N)]
2017-01-07 19:52:18,520 - findMeds.readData.readPage - INFO - Able to read data.
2017-01-07 19:52:18,571 - findMeds.generateDiseaseList.getAlphabeticList - INFO - Returning Medications for the character [N]
2017-01-07 19:52:18,571 - findMeds.generateDiseaseList.getAlphabeticList - INFO - Obtaining Medications for the character [O]
2017-01-07 19:52:18,571 - findMeds.readData.readPage - INFO - Attempting to read URL[https://en.wikipedia.org/wiki/List_of_diseases_(O)]
2017-01-07 19:52:20,210 - findMeds.readData.readPage - INFO - Able to read data.
2017-01-07 19:52:20,280 - findMeds.generateDiseaseList.getAlphabeticList - INFO - Returning Medications for the character [O]
2017-01-07 19:52:20,280 - findMeds.generateDiseaseList.getAlphabeticList - INFO - Obtaining Medications for the character [P]
2017-01-07 19:52:20,280 - findMeds.readData.readPage - INFO - Attempting to read URL[https://en.wikipedia.org/wiki/List_of_diseases_(P)]
2017-01-07 19:52:22,940 - findMeds.readData.readPage - INFO - Able to read data.
2017-01-07 19:52:23,051 - findMeds.generateDiseaseList.getAlphabeticList - INFO - Returning Medications for the character [P]
2017-01-07 19:52:23,051 - findMeds.generateDiseaseList.getAlphabeticList - INFO - Obtaining Medications for the character [Q]
2017-01-07 19:52:23,051 - findMeds.readData.readPage - INFO - Attempting to read URL[https://en.wikipedia.org/wiki/List_of_diseases_(Q)]
2017-01-07 19:52:25,020 - findMeds.readData.readPage - INFO - Able to read data.
2017-01-07 19:52:25,051 - findMeds.generateDiseaseList.getAlphabeticList - INFO - Returning Medications for the character [Q]
2017-01-07 19:52:25,051 - findMeds.generateDiseaseList.getAlphabeticList - INFO - Obtaining Medications for the character [R]
2017-01-07 19:52:25,051 - findMeds.readData.readPage - INFO - Attempting to read URL[https://en.wikipedia.org/wiki/List_of_diseases_(R)]
2017-01-07 19:52:26,851 - findMeds.readData.readPage - INFO - Able to read data.
2017-01-07 19:52:26,930 - findMeds.generateDiseaseList.getAlphabeticList - INFO - Returning Medications for the character [R]
2017-01-07 19:52:26,930 - findMeds.generateDiseaseList.getAlphabeticList - INFO - Obtaining Medications for the character [S]
2017-01-07 19:52:26,930 - findMeds.readData.readPage - INFO - Attempting to read URL[https://en.wikipedia.org/wiki/List_of_diseases_(S)]
2017-01-07 19:52:31,525 - findMeds.readData.readPage - INFO - Able to read data.
2017-01-07 19:52:31,634 - findMeds.generateDiseaseList.getAlphabeticList - INFO - Returning Medications for the character [S]
2017-01-07 19:52:31,634 - findMeds.generateDiseaseList.getAlphabeticList - INFO - Obtaining Medications for the character [T]
2017-01-07 19:52:31,634 - findMeds.readData.readPage - INFO - Attempting to read URL[https://en.wikipedia.org/wiki/List_of_diseases_(T)]
2017-01-07 19:52:33,678 - findMeds.readData.readPage - INFO - Able to read data.
2017-01-07 19:52:33,749 - findMeds.generateDiseaseList.getAlphabeticList - INFO - Returning Medications for the character [T]
2017-01-07 19:52:33,749 - findMeds.generateDiseaseList.getAlphabeticList - INFO - Obtaining Medications for the character [U]
2017-01-07 19:52:33,749 - findMeds.readData.readPage - INFO - Attempting to read URL[https://en.wikipedia.org/wiki/List_of_diseases_(U)]
2017-01-07 19:52:35,770 - findMeds.readData.readPage - INFO - Able to read data.
2017-01-07 19:52:35,801 - findMeds.generateDiseaseList.getAlphabeticList - INFO - Returning Medications for the character [U]
2017-01-07 19:52:35,801 - findMeds.generateDiseaseList.getAlphabeticList - INFO - Obtaining Medications for the character [V]
2017-01-07 19:52:35,801 - findMeds.readData.readPage - INFO - Attempting to read URL[https://en.wikipedia.org/wiki/List_of_diseases_(V)]
2017-01-07 19:52:37,061 - findMeds.readData.readPage - INFO - Able to read data.
2017-01-07 19:52:37,111 - findMeds.generateDiseaseList.getAlphabeticList - INFO - Returning Medications for the character [V]
2017-01-07 19:52:37,111 - findMeds.generateDiseaseList.getAlphabeticList - INFO - Obtaining Medications for the character [W]
2017-01-07 19:52:37,111 - findMeds.readData.readPage - INFO - Attempting to read URL[https://en.wikipedia.org/wiki/List_of_diseases_(W)]
2017-01-07 19:52:38,611 - findMeds.readData.readPage - INFO - Able to read data.
2017-01-07 19:52:38,651 - findMeds.generateDiseaseList.getAlphabeticList - INFO - Returning Medications for the character [W]
2017-01-07 19:52:38,651 - findMeds.generateDiseaseList.getAlphabeticList - INFO - Obtaining Medications for the character [X]
2017-01-07 19:52:38,651 - findMeds.readData.readPage - INFO - Attempting to read URL[https://en.wikipedia.org/wiki/List_of_diseases_(X)]
2017-01-07 19:52:40,801 - findMeds.readData.readPage - INFO - Able to read data.
2017-01-07 19:52:40,831 - findMeds.generateDiseaseList.getAlphabeticList - INFO - Returning Medications for the character [X]
2017-01-07 19:52:40,831 - findMeds.generateDiseaseList.getAlphabeticList - INFO - Obtaining Medications for the character [Y]
2017-01-07 19:52:40,831 - findMeds.readData.readPage - INFO - Attempting to read URL[https://en.wikipedia.org/wiki/List_of_diseases_(Y)]
2017-01-07 19:52:41,930 - findMeds.readData.readPage - INFO - Able to read data.
2017-01-07 19:52:41,950 - findMeds.generateDiseaseList.getAlphabeticList - INFO - Returning Medications for the character [Y]
2017-01-07 19:52:41,960 - findMeds.generateDiseaseList.getAlphabeticList - INFO - Obtaining Medications for the character [Z]
2017-01-07 19:52:41,960 - findMeds.readData.readPage - INFO - Attempting to read URL[https://en.wikipedia.org/wiki/List_of_diseases_(Z)]
2017-01-07 19:52:43,061 - findMeds.readData.readPage - INFO - Able to read data.
2017-01-07 19:52:43,081 - findMeds.generateDiseaseList.getAlphabeticList - INFO - Returning Medications for the character [Z]
2017-01-07 19:52:43,081 - findMeds.generateDiseaseList.getMedicationList - INFO - Returning disease list
2017-01-07 19:52:44,131 - findMeds - INFO - Done!
