2017-01-07 19:47:09,474 - findMeds - INFO - Program started
2017-01-07 19:47:09,474 - findMeds.generateDiseaseList.getMedicationList - INFO - Obtaining diseases for all characters
2017-01-07 19:47:09,474 - findMeds.generateDiseaseList.getAlphabeticList - INFO - Obtaining Medications for the character [A]
2017-01-07 19:47:09,474 - findMeds.readData.readPage - INFO - Attempting to read URL[https://en.wikipedia.org/wiki/List_of_diseases_(A)]
2017-01-07 19:47:11,464 - findMeds.readData.readPage - INFO - Able to read data.
2017-01-07 19:47:11,585 - findMeds.generateDiseaseList.getAlphabeticList - INFO - Returning Medications for the character [A]
2017-01-07 19:47:11,585 - findMeds.generateDiseaseList.getAlphabeticList - INFO - Obtaining Medications for the character [B]
2017-01-07 19:47:11,585 - findMeds.readData.readPage - INFO - Attempting to read URL[https://en.wikipedia.org/wiki/List_of_diseases_(B)]
2017-01-07 19:47:12,828 - findMeds.readData.readPage - INFO - Able to read data.
2017-01-07 19:47:12,908 - findMeds.generateDiseaseList.getAlphabeticList - INFO - Returning Medications for the character [B]
2017-01-07 19:47:12,908 - findMeds.generateDiseaseList.getAlphabeticList - INFO - Obtaining Medications for the character [C]
2017-01-07 19:47:12,908 - findMeds.readData.readPage - INFO - Attempting to read URL[https://en.wikipedia.org/wiki/List_of_diseases_(C)]
2017-01-07 19:47:15,638 - findMeds.readData.readPage - INFO - Able to read data.
2017-01-07 19:47:15,799 - findMeds.generateDiseaseList.getAlphabeticList - INFO - Returning Medications for the character [C]
2017-01-07 19:47:15,799 - findMeds.generateDiseaseList.getAlphabeticList - INFO - Obtaining Medications for the character [D]
2017-01-07 19:47:15,799 - findMeds.readData.readPage - INFO - Attempting to read URL[https://en.wikipedia.org/wiki/List_of_diseases_(D)]
2017-01-07 19:47:17,559 - findMeds.readData.readPage - INFO - Able to read data.
2017-01-07 19:47:17,628 - findMeds.generateDiseaseList.getAlphabeticList - INFO - Returning Medications for the character [D]
2017-01-07 19:47:17,628 - findMeds.generateDiseaseList.getAlphabeticList - INFO - Obtaining Medications for the character [E]
2017-01-07 19:47:17,628 - findMeds.readData.readPage - INFO - Attempting to read URL[https://en.wikipedia.org/wiki/List_of_diseases_(E)]
2017-01-07 19:47:19,249 - findMeds.readData.readPage - INFO - Able to read data.
2017-01-07 19:47:19,319 - findMeds.generateDiseaseList.getAlphabeticList - INFO - Returning Medications for the character [E]
2017-01-07 19:47:19,319 - findMeds.generateDiseaseList.getAlphabeticList - INFO - Obtaining Medications for the character [F]
2017-01-07 19:47:19,319 - findMeds.readData.readPage - INFO - Attempting to read URL[https://en.wikipedia.org/wiki/List_of_diseases_(F)]
2017-01-07 19:47:20,928 - findMeds.readData.readPage - INFO - Able to read data.
2017-01-07 19:47:21,019 - findMeds.generateDiseaseList.getAlphabeticList - INFO - Returning Medications for the character [F]
2017-01-07 19:47:21,019 - findMeds.generateDiseaseList.getAlphabeticList - INFO - Obtaining Medications for the character [G]
2017-01-07 19:47:21,019 - findMeds.readData.readPage - INFO - Attempting to read URL[https://en.wikipedia.org/wiki/List_of_diseases_(G)]
2017-01-07 19:47:22,908 - findMeds.readData.readPage - INFO - Able to read data.
2017-01-07 19:47:22,979 - findMeds.generateDiseaseList.getAlphabeticList - INFO - Returning Medications for the character [G]
2017-01-07 19:47:22,979 - findMeds.generateDiseaseList.getAlphabeticList - INFO - Obtaining Medications for the character [H]
2017-01-07 19:47:22,979 - findMeds.readData.readPage - INFO - Attempting to read URL[https://en.wikipedia.org/wiki/List_of_diseases_(H)]
2017-01-07 19:47:25,338 - findMeds.readData.readPage - INFO - Able to read data.
2017-01-07 19:47:25,438 - findMeds.generateDiseaseList.getAlphabeticList - INFO - Returning Medications for the character [H]
2017-01-07 19:47:25,438 - findMeds.generateDiseaseList.getAlphabeticList - INFO - Obtaining Medications for the character [I]
2017-01-07 19:47:25,438 - findMeds.readData.readPage - INFO - Attempting to read URL[https://en.wikipedia.org/wiki/List_of_diseases_(I)]
2017-01-07 19:47:28,249 - findMeds.readData.readPage - INFO - Able to read data.
2017-01-07 19:47:28,309 - findMeds.generateDiseaseList.getAlphabeticList - INFO - Returning Medications for the character [I]
2017-01-07 19:47:28,309 - findMeds.generateDiseaseList.getAlphabeticList - INFO - Obtaining Medications for the character [J]
2017-01-07 19:47:28,309 - findMeds.readData.readPage - INFO - Attempting to read URL[https://en.wikipedia.org/wiki/List_of_diseases_(J)]
2017-01-07 19:47:29,388 - findMeds.readData.readPage - INFO - Able to read data.
2017-01-07 19:47:29,418 - findMeds.generateDiseaseList.getAlphabeticList - INFO - Returning Medications for the character [J]
2017-01-07 19:47:29,418 - findMeds.generateDiseaseList.getAlphabeticList - INFO - Obtaining Medications for the character [K]
2017-01-07 19:47:29,418 - findMeds.readData.readPage - INFO - Attempting to read URL[https://en.wikipedia.org/wiki/List_of_diseases_(K)]
2017-01-07 19:47:31,209 - findMeds.readData.readPage - INFO - Able to read data.
2017-01-07 19:47:31,249 - findMeds.generateDiseaseList.getAlphabeticList - INFO - Returning Medications for the character [K]
2017-01-07 19:47:31,259 - findMeds.generateDiseaseList.getAlphabeticList - INFO - Obtaining Medications for the character [L]
2017-01-07 19:47:31,259 - findMeds.readData.readPage - INFO - Attempting to read URL[https://en.wikipedia.org/wiki/List_of_diseases_(L)]
2017-01-07 19:47:33,338 - findMeds.readData.readPage - INFO - Able to read data.
2017-01-07 19:47:33,418 - findMeds.generateDiseaseList.getAlphabeticList - INFO - Returning Medications for the character [L]
2017-01-07 19:47:33,418 - findMeds.generateDiseaseList.getAlphabeticList - INFO - Obtaining Medications for the character [M]
2017-01-07 19:47:33,418 - findMeds.readData.readPage - INFO - Attempting to read URL[https://en.wikipedia.org/wiki/List_of_diseases_(M)]
2017-01-07 19:47:36,137 - findMeds.readData.readPage - INFO - Able to read data.
2017-01-07 19:47:36,266 - findMeds.generateDiseaseList.getAlphabeticList - INFO - Returning Medications for the character [M]
2017-01-07 19:47:36,266 - findMeds.generateDiseaseList.getAlphabeticList - INFO - Obtaining Medications for the character [N]
2017-01-07 19:47:36,266 - findMeds.readData.readPage - INFO - Attempting to read URL[https://en.wikipedia.org/wiki/List_of_diseases_(N)]
2017-01-07 19:47:38,499 - findMeds.readData.readPage - INFO - Able to read data.
2017-01-07 19:47:38,549 - findMeds.generateDiseaseList.getAlphabeticList - INFO - Returning Medications for the character [N]
2017-01-07 19:47:38,549 - findMeds.generateDiseaseList.getAlphabeticList - INFO - Obtaining Medications for the character [O]
2017-01-07 19:47:38,549 - findMeds.readData.readPage - INFO - Attempting to read URL[https://en.wikipedia.org/wiki/List_of_diseases_(O)]
2017-01-07 19:47:40,888 - findMeds.readData.readPage - INFO - Able to read data.
2017-01-07 19:47:40,959 - findMeds.generateDiseaseList.getAlphabeticList - INFO - Returning Medications for the character [O]
2017-01-07 19:47:40,959 - findMeds.generateDiseaseList.getAlphabeticList - INFO - Obtaining Medications for the character [P]
2017-01-07 19:47:40,959 - findMeds.readData.readPage - INFO - Attempting to read URL[https://en.wikipedia.org/wiki/List_of_diseases_(P)]
2017-01-07 19:47:43,640 - findMeds.readData.readPage - INFO - Able to read data.
2017-01-07 19:47:43,750 - findMeds.generateDiseaseList.getAlphabeticList - INFO - Returning Medications for the character [P]
2017-01-07 19:47:43,750 - findMeds.generateDiseaseList.getAlphabeticList - INFO - Obtaining Medications for the character [Q]
2017-01-07 19:47:43,750 - findMeds.readData.readPage - INFO - Attempting to read URL[https://en.wikipedia.org/wiki/List_of_diseases_(Q)]
2017-01-07 19:47:44,730 - findMeds.readData.readPage - INFO - Able to read data.
2017-01-07 19:47:44,750 - findMeds.generateDiseaseList.getAlphabeticList - INFO - Returning Medications for the character [Q]
2017-01-07 19:47:44,759 - findMeds.generateDiseaseList.getAlphabeticList - INFO - Obtaining Medications for the character [R]
2017-01-07 19:47:44,759 - findMeds.readData.readPage - INFO - Attempting to read URL[https://en.wikipedia.org/wiki/List_of_diseases_(R)]
2017-01-07 19:47:46,813 - findMeds.readData.readPage - INFO - Able to read data.
2017-01-07 19:47:46,884 - findMeds.generateDiseaseList.getAlphabeticList - INFO - Returning Medications for the character [R]
2017-01-07 19:47:46,884 - findMeds.generateDiseaseList.getAlphabeticList - INFO - Obtaining Medications for the character [S]
2017-01-07 19:47:46,884 - findMeds.readData.readPage - INFO - Attempting to read URL[https://en.wikipedia.org/wiki/List_of_diseases_(S)]
2017-01-07 19:47:49,960 - findMeds.readData.readPage - INFO - Able to read data.
2017-01-07 19:47:50,081 - findMeds.generateDiseaseList.getAlphabeticList - INFO - Returning Medications for the character [S]
2017-01-07 19:47:50,081 - findMeds.generateDiseaseList.getAlphabeticList - INFO - Obtaining Medications for the character [T]
2017-01-07 19:47:50,081 - findMeds.readData.readPage - INFO - Attempting to read URL[https://en.wikipedia.org/wiki/List_of_diseases_(T)]
2017-01-07 19:47:51,710 - findMeds.readData.readPage - INFO - Able to read data.
2017-01-07 19:47:51,770 - findMeds.generateDiseaseList.getAlphabeticList - INFO - Returning Medications for the character [T]
2017-01-07 19:47:51,770 - findMeds.generateDiseaseList.getAlphabeticList - INFO - Obtaining Medications for the character [U]
2017-01-07 19:47:51,770 - findMeds.readData.readPage - INFO - Attempting to read URL[https://en.wikipedia.org/wiki/List_of_diseases_(U)]
2017-01-07 19:47:53,161 - findMeds.readData.readPage - INFO - Able to read data.
2017-01-07 19:47:53,190 - findMeds.generateDiseaseList.getAlphabeticList - INFO - Returning Medications for the character [U]
2017-01-07 19:47:53,190 - findMeds.generateDiseaseList.getAlphabeticList - INFO - Obtaining Medications for the character [V]
2017-01-07 19:47:53,190 - findMeds.readData.readPage - INFO - Attempting to read URL[https://en.wikipedia.org/wiki/List_of_diseases_(V)]
2017-01-07 19:47:54,473 - findMeds.readData.readPage - INFO - Able to read data.
2017-01-07 19:47:54,513 - findMeds.generateDiseaseList.getAlphabeticList - INFO - Returning Medications for the character [V]
2017-01-07 19:47:54,513 - findMeds.generateDiseaseList.getAlphabeticList - INFO - Obtaining Medications for the character [W]
2017-01-07 19:47:54,513 - findMeds.readData.readPage - INFO - Attempting to read URL[https://en.wikipedia.org/wiki/List_of_diseases_(W)]
2017-01-07 19:47:56,088 - findMeds.readData.readPage - INFO - Able to read data.
2017-01-07 19:47:56,138 - findMeds.generateDiseaseList.getAlphabeticList - INFO - Returning Medications for the character [W]
2017-01-07 19:47:56,138 - findMeds.generateDiseaseList.getAlphabeticList - INFO - Obtaining Medications for the character [X]
2017-01-07 19:47:56,138 - findMeds.readData.readPage - INFO - Attempting to read URL[https://en.wikipedia.org/wiki/List_of_diseases_(X)]
2017-01-07 19:47:57,457 - findMeds.readData.readPage - INFO - Able to read data.
2017-01-07 19:47:57,487 - findMeds.generateDiseaseList.getAlphabeticList - INFO - Returning Medications for the character [X]
2017-01-07 19:47:57,487 - findMeds.generateDiseaseList.getAlphabeticList - INFO - Obtaining Medications for the character [Y]
2017-01-07 19:47:57,487 - findMeds.readData.readPage - INFO - Attempting to read URL[https://en.wikipedia.org/wiki/List_of_diseases_(Y)]
2017-01-07 19:47:58,657 - findMeds.readData.readPage - INFO - Able to read data.
2017-01-07 19:47:58,687 - findMeds.generateDiseaseList.getAlphabeticList - INFO - Returning Medications for the character [Y]
2017-01-07 19:47:58,687 - findMeds.generateDiseaseList.getAlphabeticList - INFO - Obtaining Medications for the character [Z]
2017-01-07 19:47:58,687 - findMeds.readData.readPage - INFO - Attempting to read URL[https://en.wikipedia.org/wiki/List_of_diseases_(Z)]
2017-01-07 19:48:01,507 - findMeds.readData.readPage - INFO - Able to read data.
2017-01-07 19:48:01,528 - findMeds.generateDiseaseList.getAlphabeticList - INFO - Returning Medications for the character [Z]
2017-01-07 19:48:01,528 - findMeds.generateDiseaseList.getMedicationList - INFO - Returning disease list
2017-01-07 19:48:02,588 - findMeds - INFO - Done!
